{
  "RSpec": {
    "coverage": {
      "/Users/candice/Desktop/github/homework/tic-tac-toe-rb-bootcamp-prep-000/lib/tic_tac_toe.rb": [
        1,
        null,
        1,
        null,
        null,
        null,
        null,
        null,
        null,
        null,
        null,
        null,
        1,
        25,
        25,
        25,
        25,
        25,
        null,
        null,
        1,
        null,
        24,
        null,
        null,
        1,
        null,
        23,
        null,
        null,
        null,
        1,
        null,
        null,
        26,
        null,
        null,
        1,
        null,
        null,
        null,
        null,
        24,
        null,
        null,
        1,
        22,
        null,
        null,
        null,
        1,
        null,
        null,
        21,
        null,
        null,
        null,
        null,
        null,
        1,
        21,
        21,
        21,
        21,
        20,
        null,
        20,
        null,
        1,
        null,
        null,
        null,
        1,
        49,
        null,
        300,
        18,
        282,
        6,
        276,
        null,
        null,
        null,
        null,
        null,
        null,
        null,
        null,
        null,
        null,
        null,
        null,
        null,
        null,
        null,
        null,
        null,
        null,
        null,
        null,
        null,
        null,
        null,
        null,
        null,
        null,
        null,
        null,
        null,
        null,
        null,
        null,
        null,
        null,
        null,
        null,
        1,
        189,
        null,
        null,
        null,
        1,
        30,
        null,
        null,
        1,
        22,
        null,
        null,
        1,
        7,
        null,
        6,
        null,
        null,
        null,
        null,
        null,
        null,
        null,
        null,
        null,
        null,
        1,
        12,
        18,
        null,
        null,
        12,
        5,
        null,
        7,
        3,
        null,
        null
      ]
    },
    "timestamp": 1613339643
  }
}
